Link Start
2018-12-06 17:27:25
info->0
Link Finish! 
===========
Link Start
2018-12-06 17:27:30
info->0
Link Finish! 
===========
Link Start
2018-12-06 17:27:35
info->0
Link Finish! 
===========
Link Start
2018-12-06 17:27:40
info->0
Link Finish! 
===========
Link Start
2018-12-06 17:27:45
info->0
Link Finish! 
===========
Link Start
2018-12-06 17:27:50
info->0
Link Finish! 
===========
Link Start
2018-12-06 17:27:55
info->0
Link Finish! 
===========
Link Start
2018-12-06 17:28:00
info->0
Link Finish! 
===========
Link Start
2018-12-06 17:28:05
info->0
Link Finish! 
===========
Link Start
2018-12-06 17:28:10
info->0
Link Finish! 
===========
Link Start
2018-12-06 17:28:15
info->0
Link Finish! 
===========
Link Start
2018-12-06 17:28:20
info->0
Link Finish! 
===========
Link Start
2018-12-06 17:28:25
info->0
Link Finish! 
===========
Link Start
2018-12-06 17:28:30
info->0
Link Finish! 
===========
Link Start
2018-12-06 17:28:35
info->0
Link Finish! 
===========
Link Start
2018-12-06 17:28:40
info->0
Link Finish! 
===========
Link Start
2018-12-06 17:28:45
info->0
Link Finish! 
===========
Link Start
2018-12-06 17:28:50
info->0
Link Finish! 
===========
Link Start
2018-12-06 17:28:55
info->0
Link Finish! 
===========
Link Start
2018-12-06 17:29:00
info->0
Link Finish! 
===========
Link Start
2018-12-06 17:29:05
info->0
Link Finish! 
===========
Link Start
2018-12-06 17:29:10
info->0
Link Finish! 
===========
Link Start
2018-12-06 17:29:15
info->0
Link Finish! 
===========
Link Start
2018-12-06 17:29:20
info->0
Link Finish! 
===========
Link Start
2018-12-06 17:29:25
info->0
Link Finish! 
===========
Link Start
2018-12-06 17:29:30
info->0
Link Finish! 
===========
Link Start
2018-12-06 17:29:35
info->0
Link Finish! 
===========
Link Start
2018-12-06 17:29:40
info->0
Link Finish! 
===========
Link Start
2018-12-06 17:29:45
info->0
Link Finish! 
===========
Link Start
2018-12-06 17:29:50
info->0
Link Finish! 
===========
Link Start
2018-12-06 17:29:55
info->0
Link Finish! 
===========
Link Start
2018-12-06 17:30:00
info->0
Link Finish! 
===========
Link Start
2018-12-06 17:30:05
info->0
Link Finish! 
===========
Link Start
2018-12-06 17:30:10
info->0
Link Finish! 
===========
Link Start
2018-12-06 17:30:15
info->0
Link Finish! 
===========
Link Start
2018-12-06 17:30:20
info->0
Link Finish! 
===========
Link Start
2018-12-06 17:30:25
info->0
Link Finish! 
===========
Link Start
2018-12-06 17:30:30
info->0
Link Finish! 
===========
Link Start
2018-12-06 17:30:35
info->0
Link Finish! 
===========
Link Start
2018-12-06 17:30:40
info->0
Link Finish! 
===========
Link Start
2018-12-06 17:30:45
info->0
Link Finish! 
===========
Link Start
2018-12-06 17:30:50
info->0
Link Finish! 
===========
Link Start
2018-12-06 17:30:55
info->0
Link Finish! 
===========
Link Start
2018-12-06 17:31:00
info->0
Link Finish! 
===========
Link Start
2018-12-06 17:31:05
info->0
Link Finish! 
===========
Link Start
2018-12-06 17:31:10
info->0
Link Finish! 
===========
Link Start
2018-12-06 17:31:15
info->0
Link Finish! 
===========
Link Start
2018-12-06 17:31:20
info->0
Link Finish! 
===========
Link Start
2018-12-06 17:31:25
info->0
Link Finish! 
===========
Link Start
2018-12-06 17:31:30
info->0
Link Finish! 
===========
Link Start
2018-12-06 17:31:35
info->0
Link Finish! 
===========
Link Start
2018-12-06 17:31:40
info->0
Link Finish! 
===========
Link Start
2018-12-06 17:31:45
info->0
Link Finish! 
===========
Link Start
2018-12-06 17:31:50
info->0
Link Finish! 
===========
Link Start
2018-12-06 17:31:55
info->0
Link Finish! 
===========
Link Start
2018-12-06 17:32:00
info->0
Link Finish! 
===========
Link Start
2018-12-06 17:32:05
info->0
Link Finish! 
===========
Link Start
2018-12-06 17:32:10
info->0
Link Finish! 
===========
Link Start
2018-12-06 17:32:15
info->0
Link Finish! 
===========
Link Start
2018-12-06 17:32:20
info->0
Link Finish! 
===========
Link Start
2018-12-06 17:32:25
info->0
Link Finish! 
===========
Link Start
2018-12-06 17:32:30
info->0
Link Finish! 
===========
Link Start
2018-12-06 17:32:35
info->0
Link Finish! 
===========
Link Start
2018-12-06 17:32:40
info->0
Link Finish! 
===========
Link Start
2018-12-06 17:32:45
info->0
Link Finish! 
===========
Link Start
2018-12-06 17:32:50
info->0
Link Finish! 
===========
Link Start
2018-12-06 17:32:55
info->0
Link Finish! 
===========
Link Start
2018-12-06 17:33:00
info->0
Link Finish! 
===========
Link Start
2018-12-06 17:33:05
info->0
Link Finish! 
===========
Link Start
2018-12-06 17:33:10
info->0
Link Finish! 
===========
Link Start
2018-12-06 17:33:15
info->0
Link Finish! 
===========
Link Start
2018-12-06 17:33:20
info->0
Link Finish! 
===========
Link Start
2018-12-06 17:33:25
info->0
Link Finish! 
===========
Link Start
2018-12-06 17:33:30
info->0
Link Finish! 
===========
Link Start
2018-12-06 17:33:35
info->0
Link Finish! 
===========
Link Start
2018-12-06 17:33:40
info->0
Link Finish! 
===========
Link Start
2018-12-06 17:33:45
info->0
Link Finish! 
===========
Link Start
2018-12-06 17:33:50
info->0
Link Finish! 
===========
Link Start
2018-12-06 17:33:55
info->0
Link Finish! 
===========
Link Start
2018-12-06 17:34:00
info->0
Link Finish! 
===========
Link Start
2018-12-06 17:34:05
info->0
Link Finish! 
===========
Link Start
2018-12-06 17:34:10
info->0
Link Finish! 
===========
Link Start
2018-12-06 17:34:15
info->0
Link Finish! 
===========
Link Start
2018-12-06 17:34:20
info->0
Link Finish! 
===========
Link Start
2018-12-06 17:34:25
info->0
Link Finish! 
===========
Link Start
2018-12-06 17:34:30
info->0
Link Finish! 
===========
Link Start
2018-12-06 17:34:35
info->0
Link Finish! 
===========
Link Start
2018-12-06 17:34:40
info->0
Link Finish! 
===========
Link Start
2018-12-06 17:34:45
info->0
Link Finish! 
===========
Link Start
2018-12-06 17:34:50
info->0
Link Finish! 
===========
Link Start
2018-12-06 17:34:55
info->0
Link Finish! 
===========
Link Start
2018-12-06 17:35:00
info->0
Link Finish! 
===========
Link Start
2018-12-06 17:35:05
info->0
Link Finish! 
===========
Link Start
2018-12-06 17:35:10
info->0
Link Finish! 
===========
Link Start
2018-12-06 17:35:15
info->0
Link Finish! 
===========
Link Start
2018-12-06 17:35:20
info->0
Link Finish! 
===========
Link Start
2018-12-06 17:35:25
info->0
Link Finish! 
===========
Link Start
2018-12-06 17:35:30
info->0
Link Finish! 
===========
Link Start
2018-12-06 17:35:35
info->0
Link Finish! 
===========
Link Start
2018-12-06 17:35:40
info->0
Link Finish! 
===========
Link Start
2018-12-06 17:35:45
info->0
Link Finish! 
===========
Link Start
2018-12-06 17:35:50
info->0
Link Finish! 
===========
Link Start
2018-12-06 17:35:55
info->0
Link Finish! 
===========
Link Start
2018-12-06 17:36:00
info->0
Link Finish! 
===========
Link Start
2018-12-06 17:36:05
info->0
Link Finish! 
===========
Link Start
2018-12-06 17:36:10
info->0
Link Finish! 
===========
Link Start
2018-12-06 17:36:15
info->0
Link Finish! 
===========
Link Start
2018-12-06 17:36:20
info->0
Link Finish! 
===========
Link Start
2018-12-06 17:36:25
info->0
Link Finish! 
===========
Link Start
2018-12-06 17:36:30
info->0
Link Finish! 
===========
Link Start
2018-12-06 17:36:35
info->0
Link Finish! 
===========
Link Start
2018-12-06 17:36:40
info->0
Link Finish! 
===========
Link Start
2018-12-06 17:36:45
info->0
Link Finish! 
===========
Link Start
2018-12-06 17:36:50
info->0
Link Finish! 
===========
Link Start
2018-12-06 17:36:55
info->0
Link Finish! 
===========
Link Start
2018-12-06 17:37:00
info->0
Link Finish! 
===========
Link Start
2018-12-06 17:37:05
info->0
Link Finish! 
===========
Link Start
2018-12-06 17:37:10
info->0
Link Finish! 
===========
Link Start
2018-12-06 17:37:15
info->0
Link Finish! 
===========
Link Start
2018-12-06 17:37:20
info->0
Link Finish! 
===========
Link Start
2018-12-06 17:37:25
info->0
Link Finish! 
===========
Link Start
2018-12-06 17:37:30
info->0
Link Finish! 
===========
Link Start
2018-12-06 17:37:35
info->0
Link Finish! 
===========
Link Start
2018-12-06 17:37:40
info->0
Link Finish! 
===========
Link Start
2018-12-06 17:37:45
info->0
Link Finish! 
===========
Link Start
2018-12-06 17:37:50
info->0
Link Finish! 
===========
Link Start
2018-12-06 17:37:55
info->0
Link Finish! 
===========
Link Start
2018-12-06 17:38:00
info->0
Link Finish! 
===========
Link Start
2018-12-06 17:38:05
info->0
Link Finish! 
===========
Link Start
2018-12-06 17:38:10
info->0
Link Finish! 
===========
Link Start
2018-12-06 17:38:15
info->0
Link Finish! 
===========
Link Start
2018-12-06 17:38:20
info->0
Link Finish! 
===========
Link Start
2018-12-06 17:38:25
info->0
Link Finish! 
===========
Link Start
2018-12-06 17:38:30
info->0
Link Finish! 
===========
Link Start
2018-12-06 17:38:35
info->0
Link Finish! 
===========
Link Start
2018-12-06 17:38:40
info->0
Link Finish! 
===========
Link Start
2018-12-06 17:38:45
info->0
Link Finish! 
===========
Link Start
2018-12-06 17:38:50
info->0
Link Finish! 
===========
Link Start
2018-12-06 17:38:55
info->0
Link Finish! 
===========
Link Start
2018-12-06 17:39:00
info->0
Link Finish! 
===========
Link Start
2018-12-06 17:39:05
info->0
Link Finish! 
===========
Link Start
2018-12-06 17:39:10
info->0
Link Finish! 
===========
Link Start
2018-12-06 17:39:15
info->0
Link Finish! 
===========
Link Start
2018-12-06 17:39:20
info->0
Link Finish! 
===========
Link Start
2018-12-06 17:39:25
info->0
Link Finish! 
===========
Link Start
2018-12-06 17:39:30
info->0
Link Finish! 
===========
Link Start
2018-12-06 17:39:35
info->0
Link Finish! 
===========
Link Start
2018-12-06 17:39:40
info->0
Link Finish! 
===========
Link Start
2018-12-06 17:39:45
info->0
Link Finish! 
===========
Link Start
2018-12-06 17:39:50
info->0
Link Finish! 
===========
Link Start
2018-12-06 17:39:55
info->0
Link Finish! 
===========
Link Start
2018-12-06 17:40:00
info->0
Link Finish! 
===========
Link Start
2018-12-06 17:40:05
info->0
Link Finish! 
===========
Link Start
2018-12-06 17:40:10
info->0
Link Finish! 
===========
Link Start
2018-12-06 17:40:15
info->0
Link Finish! 
===========
Link Start
2018-12-06 17:40:20
info->0
Link Finish! 
===========
Link Start
2018-12-06 17:40:25
info->0
Link Finish! 
===========
Link Start
2018-12-06 17:40:30
info->0
Link Finish! 
===========
Link Start
2018-12-06 17:40:35
info->0
Link Finish! 
===========
Link Start
2018-12-06 17:40:40
info->0
Link Finish! 
===========
