Socket Start
============
Socket Start
============
Socket Start
============
Socket Start
============
Socket Start
============
Socket Start
============
Socket Start
============
Socket Start
============
Socket Start
============
Socket Start
============
Socket Start
============
Socket Start
============
Socket Start
============
Socket Start
============
Socket Start
============
Socket Start
============
Socket Start
============

                                                                               
  [Symfony\Component\Debug\Exception\ContextErrorException]                    
  Warning: socket_bind(): unable to bind address [98]: Address already in use  
                                                                               

ADMAMA:link_to_socket [-h|--help] [-q|--quiet] [-v|vv|vvv|--verbose] [-V|--version] [--ansi] [--no-ansi] [-n|--no-interaction] [-e|--env ENV] [--no-debug] [--] <command>

Socket Start
============

                                                                               
  [Symfony\Component\Debug\Exception\ContextErrorException]                    
  Warning: socket_bind(): unable to bind address [98]: Address already in use  
                                                                               

ADMAMA:link_to_socket [-h|--help] [-q|--quiet] [-v|vv|vvv|--verbose] [-V|--version] [--ansi] [--no-ansi] [-n|--no-interaction] [-e|--env ENV] [--no-debug] [--] <command>

Socket Start
============

                                                                               
  [Symfony\Component\Debug\Exception\ContextErrorException]                    
  Warning: socket_bind(): unable to bind address [98]: Address already in use  
                                                                               

ADMAMA:link_to_socket [-h|--help] [-q|--quiet] [-v|vv|vvv|--verbose] [-V|--version] [--ansi] [--no-ansi] [-n|--no-interaction] [-e|--env ENV] [--no-debug] [--] <command>

Socket Start
============

                                                                               
  [Symfony\Component\Debug\Exception\ContextErrorException]                    
  Warning: socket_bind(): unable to bind address [98]: Address already in use  
                                                                               

ADMAMA:link_to_socket [-h|--help] [-q|--quiet] [-v|vv|vvv|--verbose] [-V|--version] [--ansi] [--no-ansi] [-n|--no-interaction] [-e|--env ENV] [--no-debug] [--] <command>

Socket Start
============

                                                                               
  [Symfony\Component\Debug\Exception\ContextErrorException]                    
  Warning: socket_bind(): unable to bind address [98]: Address already in use  
                                                                               

ADMAMA:link_to_socket [-h|--help] [-q|--quiet] [-v|vv|vvv|--verbose] [-V|--version] [--ansi] [--no-ansi] [-n|--no-interaction] [-e|--env ENV] [--no-debug] [--] <command>

Socket Start
============

                                                                               
  [Symfony\Component\Debug\Exception\ContextErrorException]                    
  Warning: socket_bind(): unable to bind address [98]: Address already in use  
                                                                               

ADMAMA:link_to_socket [-h|--help] [-q|--quiet] [-v|vv|vvv|--verbose] [-V|--version] [--ansi] [--no-ansi] [-n|--no-interaction] [-e|--env ENV] [--no-debug] [--] <command>

Socket Start
============

                                                                               
  [Symfony\Component\Debug\Exception\ContextErrorException]                    
  Warning: socket_bind(): unable to bind address [98]: Address already in use  
                                                                               

ADMAMA:link_to_socket [-h|--help] [-q|--quiet] [-v|vv|vvv|--verbose] [-V|--version] [--ansi] [--no-ansi] [-n|--no-interaction] [-e|--env ENV] [--no-debug] [--] <command>

Socket Start
============

                                                                               
  [Symfony\Component\Debug\Exception\ContextErrorException]                    
  Warning: socket_bind(): unable to bind address [98]: Address already in use  
                                                                               

ADMAMA:link_to_socket [-h|--help] [-q|--quiet] [-v|vv|vvv|--verbose] [-V|--version] [--ansi] [--no-ansi] [-n|--no-interaction] [-e|--env ENV] [--no-debug] [--] <command>

Socket Start
============

                                                                               
  [Symfony\Component\Debug\Exception\ContextErrorException]                    
  Warning: socket_bind(): unable to bind address [98]: Address already in use  
                                                                               

ADMAMA:link_to_socket [-h|--help] [-q|--quiet] [-v|vv|vvv|--verbose] [-V|--version] [--ansi] [--no-ansi] [-n|--no-interaction] [-e|--env ENV] [--no-debug] [--] <command>

Socket Start
============

                                                                               
  [Symfony\Component\Debug\Exception\ContextErrorException]                    
  Warning: socket_bind(): unable to bind address [98]: Address already in use  
                                                                               

ADMAMA:link_to_socket [-h|--help] [-q|--quiet] [-v|vv|vvv|--verbose] [-V|--version] [--ansi] [--no-ansi] [-n|--no-interaction] [-e|--env ENV] [--no-debug] [--] <command>

Socket Start
============

                                                                               
  [Symfony\Component\Debug\Exception\ContextErrorException]                    
  Warning: socket_bind(): unable to bind address [98]: Address already in use  
                                                                               

ADMAMA:link_to_socket [-h|--help] [-q|--quiet] [-v|vv|vvv|--verbose] [-V|--version] [--ansi] [--no-ansi] [-n|--no-interaction] [-e|--env ENV] [--no-debug] [--] <command>

Socket Start
============

                                                                               
  [Symfony\Component\Debug\Exception\ContextErrorException]                    
  Warning: socket_bind(): unable to bind address [98]: Address already in use  
                                                                               

ADMAMA:link_to_socket [-h|--help] [-q|--quiet] [-v|vv|vvv|--verbose] [-V|--version] [--ansi] [--no-ansi] [-n|--no-interaction] [-e|--env ENV] [--no-debug] [--] <command>

Socket Start
============

                                                                               
  [Symfony\Component\Debug\Exception\ContextErrorException]                    
  Warning: socket_bind(): unable to bind address [98]: Address already in use  
                                                                               

ADMAMA:link_to_socket [-h|--help] [-q|--quiet] [-v|vv|vvv|--verbose] [-V|--version] [--ansi] [--no-ansi] [-n|--no-interaction] [-e|--env ENV] [--no-debug] [--] <command>

Socket Start
============

                                                                               
  [Symfony\Component\Debug\Exception\ContextErrorException]                    
  Warning: socket_bind(): unable to bind address [98]: Address already in use  
                                                                               

ADMAMA:link_to_socket [-h|--help] [-q|--quiet] [-v|vv|vvv|--verbose] [-V|--version] [--ansi] [--no-ansi] [-n|--no-interaction] [-e|--env ENV] [--no-debug] [--] <command>

Socket Start
============

                                                                               
  [Symfony\Component\Debug\Exception\ContextErrorException]                    
  Warning: socket_bind(): unable to bind address [98]: Address already in use  
                                                                               

ADMAMA:link_to_socket [-h|--help] [-q|--quiet] [-v|vv|vvv|--verbose] [-V|--version] [--ansi] [--no-ansi] [-n|--no-interaction] [-e|--env ENV] [--no-debug] [--] <command>

Socket Start
============

                                                                               
  [Symfony\Component\Debug\Exception\ContextErrorException]                    
  Warning: socket_bind(): unable to bind address [98]: Address already in use  
                                                                               

ADMAMA:link_to_socket [-h|--help] [-q|--quiet] [-v|vv|vvv|--verbose] [-V|--version] [--ansi] [--no-ansi] [-n|--no-interaction] [-e|--env ENV] [--no-debug] [--] <command>

Socket Start
============

                                                                               
  [Symfony\Component\Debug\Exception\ContextErrorException]                    
  Warning: socket_bind(): unable to bind address [98]: Address already in use  
                                                                               

ADMAMA:link_to_socket [-h|--help] [-q|--quiet] [-v|vv|vvv|--verbose] [-V|--version] [--ansi] [--no-ansi] [-n|--no-interaction] [-e|--env ENV] [--no-debug] [--] <command>

Socket Start
============

                                                                               
  [Symfony\Component\Debug\Exception\ContextErrorException]                    
  Warning: socket_bind(): unable to bind address [98]: Address already in use  
                                                                               

ADMAMA:link_to_socket [-h|--help] [-q|--quiet] [-v|vv|vvv|--verbose] [-V|--version] [--ansi] [--no-ansi] [-n|--no-interaction] [-e|--env ENV] [--no-debug] [--] <command>

Socket Start
============

                                                                               
  [Symfony\Component\Debug\Exception\ContextErrorException]                    
  Warning: socket_bind(): unable to bind address [98]: Address already in use  
                                                                               

ADMAMA:link_to_socket [-h|--help] [-q|--quiet] [-v|vv|vvv|--verbose] [-V|--version] [--ansi] [--no-ansi] [-n|--no-interaction] [-e|--env ENV] [--no-debug] [--] <command>

Socket Start
============

                                                                               
  [Symfony\Component\Debug\Exception\ContextErrorException]                    
  Warning: socket_bind(): unable to bind address [98]: Address already in use  
                                                                               

ADMAMA:link_to_socket [-h|--help] [-q|--quiet] [-v|vv|vvv|--verbose] [-V|--version] [--ansi] [--no-ansi] [-n|--no-interaction] [-e|--env ENV] [--no-debug] [--] <command>

Socket Start
============
listen on 127.0.0.1 9292 ... 
Socket Start
============
listen on 127.0.0.1 9292 ... 
Socket Start
============
listen on 127.0.0.1 9292 ... 
Socket Start
============
listen on 127.0.0.1 9292 ... 
Socket Start
============
listen on 127.0.0.1 9292 ... 
Socket Start
============
listen on 127.0.0.1 9292 ... 
