Link Start
============
SYNC
success->
Link Finish! 
Link Start
============
SYNC
success->
Link Finish! 
Link Start
============
SYNC
success->
Link Finish! 
Link Start
============
SYNC
success->
Link Finish! 
Link Start
============
SYNC
success->
Link Finish! 
Link Start
============
SYNC
success->
Link Finish! 
Link Start
============
SYNC
success->
Link Finish! 
Link Start
============
SYNC
success->
Link Finish! 
Link Start
============
SYNC
success->
Link Finish! 
Link Start
============
SYNC
success->
Link Finish! 
Link Start
============
SYNC
success->
Link Finish! 
Link Start
============
SYNC
success->
Link Finish! 
Link Start
============
SYNC
success->
Link Finish! 
Link Start
============
SYNC
success->
Link Finish! 
Link Start
============
SYNC
success->
Link Finish! 
Link Start
============
SYNC
success->
Link Finish! 
Link Start
============
SYNC
success->
Link Finish! 
Link Start
============
SYNC
success->
Link Finish! 
Link Start
============
SYNC
success->
Link Finish! 
Link Start
============
SYNC
success->
Link Finish! 
Link Start
============
SYNC
success->
Link Finish! 
Link Start
============
SYNC
success->
Link Finish! 
Link Start
============
SYNC
success->
Link Finish! 
Link Start
============
SYNC
success->
Link Finish! 
Link Start
============
SYNC
success->
Link Finish! 
Link Start
============
SYNC
success->
Link Finish! 
Link Start
============
SYNC
success->
Link Finish! 
Link Start
============
SYNC
success->
Link Finish! 
Link Start
============
SYNC
success->
Link Finish! 
Link Start
============
SYNC
success->
Link Finish! 
Link Start
============
SYNC
success->
Link Finish! 
Link Start
============
SYNC
success->
Link Finish! 
Link Start
============
SYNC
success->
Link Finish! 
Link Start
============
SYNC
success->
Link Finish! 
Link Start
============
SYNC
success->
Link Finish! 
Link Start
============
SYNC
success->
Link Finish! 
Link Start
============
SYNC
success->
Link Finish! 
Link Start
============
SYNC
success->
Link Finish! 
Link Start
============
SYNC
success->
Link Finish! 
Link Start
============
SYNC
success->
Link Finish! 
Link Start
============
SYNC
success->
Link Finish! 
Link Start
============
SYNC
success->
Link Finish! 
Link Start
============
SYNC
success->
Link Finish! 
Link Start
============
SYNC
success->
Link Finish! 
Link Start
============
SYNC
success->
Link Finish! 
Link Start
============
SYNC
success->
Link Finish! 
Link Start
============
SYNC
success->
Link Finish! 
Link Start
============
SYNC
success->
Link Finish! 
Link Start
============
SYNC
success->
Link Finish! 
Link Start
============
SYNC
success->
Link Finish! 
Link Start
============
SYNC
success->
Link Finish! 
Link Start
============
SYNC
success->
Link Finish! 
Link Start
============
SYNC
success->
Link Finish! 
Link Start
============
SYNC
success->
Link Finish! 
Link Start
============
SYNC
success->
Link Finish! 
Link Start
============
SYNC
success->
Link Finish! 
Link Start
============
SYNC
success->
Link Finish! 
Link Start
============
SYNC
success->
Link Finish! 
Link Start
============
SYNC
success->
Link Finish! 
Link Start
============
SYNC
success->
Link Finish! 
Link Start
============
SYNC
success->
Link Finish! 
Link Start
============
SYNC
success->
Link Finish! 
Link Start
============
SYNC
success->
Link Finish! 
Link Start
============
SYNC
success->
Link Finish! 

                                                          
  [Symfony\Component\Console\Exception\RuntimeException]  
  The "--nodaemon" option does not exist.                 
                                                          

DSP:link_to_queue [-h|--help] [-q|--quiet] [-v|vv|vvv|--verbose] [-V|--version] [--ansi] [--no-ansi] [-n|--no-interaction] [-e|--env ENV] [--no-debug] [--] <command> <type>


                                                          
  [Symfony\Component\Console\Exception\RuntimeException]  
  The "--nodaemon" option does not exist.                 
                                                          

DSP:link_to_queue [-h|--help] [-q|--quiet] [-v|vv|vvv|--verbose] [-V|--version] [--ansi] [--no-ansi] [-n|--no-interaction] [-e|--env ENV] [--no-debug] [--] <command> <type>


                                                          
  [Symfony\Component\Console\Exception\RuntimeException]  
  The "--nodaemon" option does not exist.                 
                                                          

DSP:link_to_queue [-h|--help] [-q|--quiet] [-v|vv|vvv|--verbose] [-V|--version] [--ansi] [--no-ansi] [-n|--no-interaction] [-e|--env ENV] [--no-debug] [--] <command> <type>


                                                          
  [Symfony\Component\Console\Exception\RuntimeException]  
  The "--nodaemon" option does not exist.                 
                                                          

DSP:link_to_queue [-h|--help] [-q|--quiet] [-v|vv|vvv|--verbose] [-V|--version] [--ansi] [--no-ansi] [-n|--no-interaction] [-e|--env ENV] [--no-debug] [--] <command> <type>


                                                          
  [Symfony\Component\Console\Exception\RuntimeException]  
  The "-D" option does not exist.                         
                                                          

DSP:link_to_queue [-h|--help] [-q|--quiet] [-v|vv|vvv|--verbose] [-V|--version] [--ansi] [--no-ansi] [-n|--no-interaction] [-e|--env ENV] [--no-debug] [--] <command> <type>


                                                          
  [Symfony\Component\Console\Exception\RuntimeException]  
  The "-D" option does not exist.                         
                                                          

DSP:link_to_queue [-h|--help] [-q|--quiet] [-v|vv|vvv|--verbose] [-V|--version] [--ansi] [--no-ansi] [-n|--no-interaction] [-e|--env ENV] [--no-debug] [--] <command> <type>


                                                          
  [Symfony\Component\Console\Exception\RuntimeException]  
  The "-D" option does not exist.                         
                                                          

DSP:link_to_queue [-h|--help] [-q|--quiet] [-v|vv|vvv|--verbose] [-V|--version] [--ansi] [--no-ansi] [-n|--no-interaction] [-e|--env ENV] [--no-debug] [--] <command> <type>


                                                          
  [Symfony\Component\Console\Exception\RuntimeException]  
  The "-D" option does not exist.                         
                                                          

DSP:link_to_queue [-h|--help] [-q|--quiet] [-v|vv|vvv|--verbose] [-V|--version] [--ansi] [--no-ansi] [-n|--no-interaction] [-e|--env ENV] [--no-debug] [--] <command> <type>


                                                          
  [Symfony\Component\Console\Exception\RuntimeException]  
  The "-D" option does not exist.                         
                                                          

DSP:link_to_queue [-h|--help] [-q|--quiet] [-v|vv|vvv|--verbose] [-V|--version] [--ansi] [--no-ansi] [-n|--no-interaction] [-e|--env ENV] [--no-debug] [--] <command> <type>


                                                          
  [Symfony\Component\Console\Exception\RuntimeException]  
  The "-D" option does not exist.                         
                                                          

DSP:link_to_queue [-h|--help] [-q|--quiet] [-v|vv|vvv|--verbose] [-V|--version] [--ansi] [--no-ansi] [-n|--no-interaction] [-e|--env ENV] [--no-debug] [--] <command> <type>


                                                          
  [Symfony\Component\Console\Exception\RuntimeException]  
  The "-D" option does not exist.                         
                                                          

DSP:link_to_queue [-h|--help] [-q|--quiet] [-v|vv|vvv|--verbose] [-V|--version] [--ansi] [--no-ansi] [-n|--no-interaction] [-e|--env ENV] [--no-debug] [--] <command> <type>


                                                          
  [Symfony\Component\Console\Exception\RuntimeException]  
  The "-D" option does not exist.                         
                                                          

DSP:link_to_queue [-h|--help] [-q|--quiet] [-v|vv|vvv|--verbose] [-V|--version] [--ansi] [--no-ansi] [-n|--no-interaction] [-e|--env ENV] [--no-debug] [--] <command> <type>

Link Start
2018-12-06 17:22:17
info->
Link Finish! 
===========
Link Start
2018-12-06 17:22:22
info->
Link Finish! 
===========
Link Start
2018-12-06 17:22:27
info->
Link Finish! 
===========
Link Start
2018-12-06 17:22:32
info->
Link Finish! 
===========
Link Start
2018-12-06 17:22:37
info->
Link Finish! 
===========
Link Start
2018-12-06 17:22:42
info->
Link Finish! 
===========
Link Start
2018-12-06 17:22:47
info->
Link Finish! 
===========
Link Start
2018-12-06 17:22:52
info->
Link Finish! 
===========
Link Start
2018-12-06 17:22:57
info->
Link Finish! 
===========
Link Start
2018-12-06 17:23:02
info->
Link Finish! 
===========
Link Start
2018-12-06 17:23:07
info->
Link Finish! 
===========
Link Start
2018-12-06 17:23:12
info->
Link Finish! 
===========
Link Start
2018-12-06 17:23:17
info->
Link Finish! 
===========
Link Start
2018-12-06 17:23:22
info->
Link Finish! 
===========
Link Start
2018-12-06 17:23:27
info->
Link Finish! 
===========
Link Start
2018-12-06 17:23:32
info->
Link Finish! 
===========
Link Start
2018-12-06 17:23:37
info->
Link Finish! 
===========
Link Start
2018-12-06 17:23:42
info->
Link Finish! 
===========
Link Start
2018-12-06 17:23:47
info->
Link Finish! 
===========
Link Start
2018-12-06 17:23:52
info->
Link Finish! 
===========
Link Start
2018-12-06 17:23:57
info->
Link Finish! 
===========
Link Start
2018-12-06 17:24:02
info->
Link Finish! 
===========
Link Start
2018-12-06 17:24:07
info->
Link Finish! 
===========
Link Start
2018-12-06 17:24:12
info->
Link Finish! 
===========
Link Start
2018-12-06 17:24:17
info->
Link Finish! 
===========
Link Start
2018-12-06 17:24:22
info->
Link Finish! 
===========
Link Start
2018-12-06 17:24:27
info->
Link Finish! 
===========
Link Start
2018-12-06 17:24:32
info->
Link Finish! 
===========
Link Start
2018-12-06 17:24:37
info->
Link Finish! 
===========
Link Start
2018-12-06 17:24:42
info->
Link Finish! 
===========
Link Start
2018-12-06 17:24:47
info->
Link Finish! 
===========
Link Start
2018-12-06 17:24:52
info->
Link Finish! 
===========
Link Start
2018-12-06 17:24:57
info->
Link Finish! 
===========
Link Start
2018-12-06 17:25:02
info->
Link Finish! 
===========
Link Start
2018-12-06 17:25:07
info->
Link Finish! 
===========
Link Start
2018-12-06 17:25:12
info->
Link Finish! 
===========
Link Start
2018-12-06 17:25:17
info->
Link Finish! 
===========
Link Start
2018-12-06 17:25:22
info->
Link Finish! 
===========
Link Start
2018-12-06 17:25:27
info->
Link Finish! 
===========
Link Start
2018-12-06 17:25:32
info->
Link Finish! 
===========
Link Start
2018-12-06 17:25:37
info->
Link Finish! 
===========
Link Start
2018-12-06 17:25:42
info->
Link Finish! 
===========
Link Start
2018-12-06 17:25:47
info->
Link Finish! 
===========
Link Start
2018-12-06 17:25:52
info->
Link Finish! 
===========
Link Start
2018-12-06 17:25:57
info->
Link Finish! 
===========
Link Start
2018-12-06 17:26:02
info->
Link Finish! 
===========
Link Start
2018-12-06 17:26:07
info->
Link Finish! 
===========
Link Start
2018-12-06 17:26:12
info->
Link Finish! 
===========
Link Start
2018-12-06 17:26:17
info->
Link Finish! 
===========
Link Start
2018-12-06 17:26:22
info->
Link Finish! 
===========
Link Start
2018-12-06 17:26:27
info->
Link Finish! 
===========
Link Start
2018-12-06 17:26:32
info->
Link Finish! 
===========
Link Start
2018-12-06 17:26:37
info->
Link Finish! 
===========
Link Start
2018-12-06 17:26:42
info->
Link Finish! 
===========
Link Start
2018-12-06 17:26:47
info->
Link Finish! 
===========
Link Start
2018-12-06 17:26:52
info->
Link Finish! 
===========
Link Start
2018-12-06 17:26:57
info->
Link Finish! 
===========
Link Start
2018-12-06 17:27:02
info->
Link Finish! 
===========
Link Start
2018-12-06 17:27:07
info->
Link Finish! 
===========
Link Start
2018-12-06 17:27:12
info->
Link Finish! 
===========
Link Start
2018-12-06 17:27:17
info->
Link Finish! 
===========
Link Start
2018-12-06 17:27:22
info->
Link Finish! 
===========
Link Start
2018-12-06 17:27:25
info->
Link Finish! 
===========
Link Start
2018-12-06 17:27:30
info->
Link Finish! 
===========
Link Start
2018-12-06 17:27:35
info->
Link Finish! 
===========
Link Start
2018-12-06 17:27:40
info->
Link Finish! 
===========
Link Start
2018-12-06 17:27:45
info->
Link Finish! 
===========
Link Start
2018-12-06 17:27:50
info->
Link Finish! 
===========
Link Start
2018-12-06 17:27:55
info->
Link Finish! 
===========
Link Start
2018-12-06 17:28:00
info->
Link Finish! 
===========
Link Start
2018-12-06 17:28:05
info->
Link Finish! 
===========
Link Start
2018-12-06 17:28:10
info->
Link Finish! 
===========
Link Start
2018-12-06 17:28:15
info->
Link Finish! 
===========
Link Start
2018-12-06 17:28:20
info->
Link Finish! 
===========
Link Start
2018-12-06 17:28:25
info->
Link Finish! 
===========
Link Start
2018-12-06 17:28:30
info->
Link Finish! 
===========
Link Start
2018-12-06 17:28:35
info->
Link Finish! 
===========
Link Start
2018-12-06 17:28:40
info->
Link Finish! 
===========
Link Start
2018-12-06 17:28:45
info->
Link Finish! 
===========
Link Start
2018-12-06 17:28:50
info->
Link Finish! 
===========
Link Start
2018-12-06 17:28:55
info->
Link Finish! 
===========
Link Start
2018-12-06 17:29:00
info->
Link Finish! 
===========
Link Start
2018-12-06 17:29:05
info->
Link Finish! 
===========
Link Start
2018-12-06 17:29:10
info->
Link Finish! 
===========
Link Start
2018-12-06 17:29:15
info->
Link Finish! 
===========
Link Start
2018-12-06 17:29:20
info->
Link Finish! 
===========
Link Start
2018-12-06 17:29:25
info->
Link Finish! 
===========
Link Start
2018-12-06 17:29:30
info->
Link Finish! 
===========
Link Start
2018-12-06 17:29:35
info->
Link Finish! 
===========
Link Start
2018-12-06 17:29:40
info->
Link Finish! 
===========
Link Start
2018-12-06 17:29:45
info->
Link Finish! 
===========
Link Start
2018-12-06 17:29:50
info->
Link Finish! 
===========
Link Start
2018-12-06 17:29:55
info->
Link Finish! 
===========
Link Start
2018-12-06 17:30:00
info->
Link Finish! 
===========
Link Start
2018-12-06 17:30:05
info->
Link Finish! 
===========
Link Start
2018-12-06 17:30:10
info->
Link Finish! 
===========
Link Start
2018-12-06 17:30:15
info->
Link Finish! 
===========
Link Start
2018-12-06 17:30:20
info->
Link Finish! 
===========
Link Start
2018-12-06 17:30:25
info->
Link Finish! 
===========
Link Start
2018-12-06 17:30:30
info->
Link Finish! 
===========
Link Start
2018-12-06 17:30:35
info->
Link Finish! 
===========
Link Start
2018-12-06 17:30:40
info->
Link Finish! 
===========
Link Start
2018-12-06 17:30:45
info->
Link Finish! 
===========
Link Start
2018-12-06 17:30:50
info->
Link Finish! 
===========
Link Start
2018-12-06 17:30:55
info->
Link Finish! 
===========
Link Start
2018-12-06 17:31:00
info->
Link Finish! 
===========
Link Start
2018-12-06 17:31:05
info->
Link Finish! 
===========
Link Start
2018-12-06 17:31:10
info->
Link Finish! 
===========
Link Start
2018-12-06 17:31:15
info->
Link Finish! 
===========
Link Start
2018-12-06 17:31:20
info->
Link Finish! 
===========
Link Start
2018-12-06 17:31:25
info->
Link Finish! 
===========
Link Start
2018-12-06 17:31:30
info->
Link Finish! 
===========
Link Start
2018-12-06 17:31:35
info->
Link Finish! 
===========
Link Start
2018-12-06 17:31:40
info->
Link Finish! 
===========
Link Start
2018-12-06 17:31:45
info->
Link Finish! 
===========
Link Start
2018-12-06 17:31:50
info->
Link Finish! 
===========
Link Start
2018-12-06 17:31:55
info->
Link Finish! 
===========
Link Start
2018-12-06 17:32:00
info->
Link Finish! 
===========
Link Start
2018-12-06 17:32:05
info->
Link Finish! 
===========
Link Start
2018-12-06 17:32:10
info->
Link Finish! 
===========
Link Start
2018-12-06 17:32:15
info->
Link Finish! 
===========
Link Start
2018-12-06 17:32:20
info->
Link Finish! 
===========
Link Start
2018-12-06 17:32:25
info->
Link Finish! 
===========
Link Start
2018-12-06 17:32:30
info->
Link Finish! 
===========
Link Start
2018-12-06 17:32:35
info->
Link Finish! 
===========
Link Start
2018-12-06 17:32:40
info->
Link Finish! 
===========
Link Start
2018-12-06 17:32:45
info->
Link Finish! 
===========
Link Start
2018-12-06 17:32:50
info->
Link Finish! 
===========
Link Start
2018-12-06 17:32:55
info->
Link Finish! 
===========
Link Start
2018-12-06 17:33:00
info->
Link Finish! 
===========
Link Start
2018-12-06 17:33:05
info->
Link Finish! 
===========
Link Start
2018-12-06 17:33:10
info->
Link Finish! 
===========
Link Start
2018-12-06 17:33:15
info->
Link Finish! 
===========
Link Start
2018-12-06 17:33:20
info->
Link Finish! 
===========
Link Start
2018-12-06 17:33:25
info->
Link Finish! 
===========
Link Start
2018-12-06 17:33:30
info->
Link Finish! 
===========
Link Start
2018-12-06 17:33:35
info->
Link Finish! 
===========
Link Start
2018-12-06 17:33:40
info->
Link Finish! 
===========
Link Start
2018-12-06 17:33:45
info->
Link Finish! 
===========
Link Start
2018-12-06 17:33:50
info->
Link Finish! 
===========
Link Start
2018-12-06 17:33:55
info->
Link Finish! 
===========
Link Start
2018-12-06 17:34:00
info->
Link Finish! 
===========
Link Start
2018-12-06 17:34:05
info->
Link Finish! 
===========
Link Start
2018-12-06 17:34:10
info->
Link Finish! 
===========
Link Start
2018-12-06 17:34:15
info->
Link Finish! 
===========
Link Start
2018-12-06 17:34:20
info->
Link Finish! 
===========
Link Start
2018-12-06 17:34:25
info->
Link Finish! 
===========
Link Start
2018-12-06 17:34:30
info->
Link Finish! 
===========
Link Start
2018-12-06 17:34:35
info->
Link Finish! 
===========
Link Start
2018-12-06 17:34:40
info->
Link Finish! 
===========
Link Start
2018-12-06 17:34:45
info->
Link Finish! 
===========
Link Start
2018-12-06 17:34:50
info->
Link Finish! 
===========
Link Start
2018-12-06 17:34:55
info->
Link Finish! 
===========
Link Start
2018-12-06 17:35:00
info->
Link Finish! 
===========
Link Start
2018-12-06 17:35:05
info->
Link Finish! 
===========
Link Start
2018-12-06 17:35:10
info->
Link Finish! 
===========
Link Start
2018-12-06 17:35:15
info->
Link Finish! 
===========
Link Start
2018-12-06 17:35:20
info->
Link Finish! 
===========
Link Start
2018-12-06 17:35:25
info->
Link Finish! 
===========
Link Start
2018-12-06 17:35:30
info->
Link Finish! 
===========
Link Start
2018-12-06 17:35:35
info->
Link Finish! 
===========
Link Start
2018-12-06 17:35:40
info->
Link Finish! 
===========
Link Start
2018-12-06 17:35:45
info->
Link Finish! 
===========
Link Start
2018-12-06 17:35:50
info->
Link Finish! 
===========
Link Start
2018-12-06 17:35:55
info->
Link Finish! 
===========
Link Start
2018-12-06 17:36:00
info->
Link Finish! 
===========
Link Start
2018-12-06 17:36:05
info->
Link Finish! 
===========
Link Start
2018-12-06 17:36:10
info->
Link Finish! 
===========
Link Start
2018-12-06 17:36:15
info->
Link Finish! 
===========
Link Start
2018-12-06 17:36:20
info->
Link Finish! 
===========
Link Start
2018-12-06 17:36:25
info->
Link Finish! 
===========
Link Start
2018-12-06 17:36:30
info->
Link Finish! 
===========
Link Start
2018-12-06 17:36:35
info->
Link Finish! 
===========
Link Start
2018-12-06 17:36:40
info->
Link Finish! 
===========
Link Start
2018-12-06 17:36:45
info->
Link Finish! 
===========
Link Start
2018-12-06 17:36:50
info->
Link Finish! 
===========
Link Start
2018-12-06 17:36:55
info->
Link Finish! 
===========
Link Start
2018-12-06 17:37:00
info->
Link Finish! 
===========
Link Start
2018-12-06 17:37:05
info->
Link Finish! 
===========
Link Start
2018-12-06 17:37:10
info->
Link Finish! 
===========
Link Start
2018-12-06 17:37:15
info->
Link Finish! 
===========
Link Start
2018-12-06 17:37:20
info->
Link Finish! 
===========
Link Start
2018-12-06 17:37:25
info->
Link Finish! 
===========
Link Start
2018-12-06 17:37:30
info->
Link Finish! 
===========
Link Start
2018-12-06 17:37:36
info->
Link Finish! 
===========
Link Start
2018-12-06 17:37:41
info->
Link Finish! 
===========
Link Start
2018-12-06 17:37:46
info->
Link Finish! 
===========
Link Start
2018-12-06 17:37:51
info->
Link Finish! 
===========
Link Start
2018-12-06 17:37:56
info->
Link Finish! 
===========
Link Start
2018-12-06 17:38:01
info->
Link Finish! 
===========
Link Start
2018-12-06 17:38:06
info->
Link Finish! 
===========
Link Start
2018-12-06 17:38:11
info->
Link Finish! 
===========
Link Start
2018-12-06 17:38:16
info->
Link Finish! 
===========
Link Start
2018-12-06 17:38:21
info->
Link Finish! 
===========
Link Start
2018-12-06 17:38:26
info->
Link Finish! 
===========
Link Start
2018-12-06 17:38:31
info->
Link Finish! 
===========
Link Start
2018-12-06 17:38:36
info->
Link Finish! 
===========
Link Start
2018-12-06 17:38:41
info->
Link Finish! 
===========
Link Start
2018-12-06 17:38:46
info->
Link Finish! 
===========
Link Start
2018-12-06 17:38:51
info->
Link Finish! 
===========
Link Start
2018-12-06 17:38:56
info->
Link Finish! 
===========
Link Start
2018-12-06 17:39:01
info->
Link Finish! 
===========
Link Start
2018-12-06 17:39:06
info->
Link Finish! 
===========
Link Start
2018-12-06 17:39:11
info->
Link Finish! 
===========
Link Start
2018-12-06 17:39:16
info->
Link Finish! 
===========
Link Start
2018-12-06 17:39:21
info->
Link Finish! 
===========
Link Start
2018-12-06 17:39:26
info->
Link Finish! 
===========
Link Start
2018-12-06 17:39:31
info->
Link Finish! 
===========
Link Start
2018-12-06 17:39:36
info->
Link Finish! 
===========
Link Start
2018-12-06 17:39:41
info->
Link Finish! 
===========
Link Start
2018-12-06 17:39:46
info->
Link Finish! 
===========
Link Start
2018-12-06 17:39:51
info->
Link Finish! 
===========
Link Start
2018-12-06 17:39:56
info->
Link Finish! 
===========
Link Start
2018-12-06 17:40:01
info->
Link Finish! 
===========
Link Start
2018-12-06 17:40:06
info->
Link Finish! 
===========
Link Start
2018-12-06 17:40:11
info->
Link Finish! 
===========
Link Start
2018-12-06 17:40:16
info->
Link Finish! 
===========
Link Start
2018-12-06 17:40:21
info->
Link Finish! 
===========
Link Start
2018-12-06 17:40:26
info->
Link Finish! 
===========
Link Start
2018-12-06 17:40:31
info->
Link Finish! 
===========
Link Start
2018-12-06 17:40:36
info->
Link Finish! 
===========
Link Start
2018-12-06 17:40:41
info->
Link Finish! 
===========
